<?xml version="1.0" encoding="UTF-8"?>
<!-- Generated by org.testng.reporters.JUnitXMLReporter -->
<testsuite hostname="DESKTOP-VN78I9J" ignored="0" name="Test" tests="4" failures="0" timestamp="16 Aug 2020 07:44:56 GMT" time="0.087" errors="0">
  <testcase name="testThree" time="0.032" classname="testNGSample.ClassThree"/>
  <testcase name="testFour" time="0.001" classname="testNGSample1.ClassFour"/>
  <testcase name="testFive" time="0.002" classname="testNGSample1.ClassFive"/>
  <testcase name="testSix" time="0.002" classname="testNGSample1.ClassSix"/>
</testsuite> <!-- Test -->
