<?xml version="1.0" encoding="UTF-8"?>
<!-- Generated by org.testng.reporters.JUnitXMLReporter -->
<testsuite hostname="DESKTOP-VN78I9J" ignored="0" name="Default test" tests="3" failures="0" timestamp="15 Aug 2020 09:36:01 GMT" time="0.078" errors="0">
  <testcase name="login" time="0.015" classname="testNGSample.accessDPdata"/>
  <testcase name="login" time="0.003" classname="testNGSample.accessDPdata"/>
  <testcase name="login" time="0.004" classname="testNGSample.accessDPdata"/>
</testsuite> <!-- Default test -->
