<?xml version="1.0" encoding="UTF-8"?>
<testng-results skipped="0" failed="0" ignored="0" total="6" passed="6">
  <reporter-output>
  </reporter-output>
  <suite name="Suite" duration-ms="494" started-at="2020-08-16T07:44:55Z" finished-at="2020-08-16T07:44:56Z">
    <groups>
    </groups>
    <test name="Test" duration-ms="87" started-at="2020-08-16T07:44:55Z" finished-at="2020-08-16T07:44:56Z">
      <class name="testNGSample.ClassThree">
        <test-method status="PASS" signature="testThree()[pri:0, instance:testNGSample.ClassThree@66d2e7d9]" name="testThree" duration-ms="32" started-at="2020-08-16T13:14:56Z" finished-at="2020-08-16T13:14:56Z">
          <reporter-output>
          </reporter-output>
        </test-method> <!-- testThree -->
      </class> <!-- testNGSample.ClassThree -->
      <class name="testNGSample1.ClassSix">
        <test-method status="PASS" signature="testSix()[pri:0, instance:testNGSample1.ClassSix@6a2bcfcb]" name="testSix" duration-ms="2" started-at="2020-08-16T13:14:56Z" finished-at="2020-08-16T13:14:56Z">
          <reporter-output>
          </reporter-output>
        </test-method> <!-- testSix -->
      </class> <!-- testNGSample1.ClassSix -->
      <class name="testNGSample1.ClassFive">
        <test-method status="PASS" signature="testModule()[pri:0, instance:testNGSample1.ClassFive@174d20a]" name="testModule" is-config="true" duration-ms="10" started-at="2020-08-16T13:14:56Z" finished-at="2020-08-16T13:14:56Z">
          <reporter-output>
          </reporter-output>
        </test-method> <!-- testModule -->
        <test-method status="PASS" signature="testFive()[pri:0, instance:testNGSample1.ClassFive@174d20a]" name="testFive" duration-ms="2" started-at="2020-08-16T13:14:56Z" finished-at="2020-08-16T13:14:56Z">
          <reporter-output>
          </reporter-output>
        </test-method> <!-- testFive -->
        <test-method status="PASS" signature="testModule1()[pri:0, instance:testNGSample1.ClassFive@174d20a]" name="testModule1" is-config="true" duration-ms="1" started-at="2020-08-16T13:14:56Z" finished-at="2020-08-16T13:14:56Z">
          <reporter-output>
          </reporter-output>
        </test-method> <!-- testModule1 -->
      </class> <!-- testNGSample1.ClassFive -->
      <class name="testNGSample1.ClassFour">
        <test-method status="PASS" signature="testFour()[pri:0, instance:testNGSample1.ClassFour@1efbd816]" name="testFour" duration-ms="1" started-at="2020-08-16T13:14:56Z" finished-at="2020-08-16T13:14:56Z">
          <reporter-output>
          </reporter-output>
        </test-method> <!-- testFour -->
      </class> <!-- testNGSample1.ClassFour -->
    </test> <!-- Test -->
    <test name="Test1" duration-ms="20" started-at="2020-08-16T07:44:56Z" finished-at="2020-08-16T07:44:56Z">
      <class name="testNGSample.ClassOne">
        <test-method status="PASS" signature="testModule()[pri:0, instance:testNGSample.ClassOne@735b5592]" name="testModule" is-config="true" duration-ms="0" started-at="2020-08-16T13:14:56Z" finished-at="2020-08-16T13:14:56Z">
          <reporter-output>
          </reporter-output>
        </test-method> <!-- testModule -->
        <test-method status="PASS" signature="testOne()[pri:0, instance:testNGSample.ClassOne@735b5592]" name="testOne" duration-ms="1" started-at="2020-08-16T13:14:56Z" finished-at="2020-08-16T13:14:56Z">
          <reporter-output>
          </reporter-output>
        </test-method> <!-- testOne -->
        <test-method status="PASS" signature="testModule1()[pri:0, instance:testNGSample.ClassOne@735b5592]" name="testModule1" is-config="true" duration-ms="0" started-at="2020-08-16T13:14:56Z" finished-at="2020-08-16T13:14:56Z">
          <reporter-output>
          </reporter-output>
        </test-method> <!-- testModule1 -->
      </class> <!-- testNGSample.ClassOne -->
      <class name="testNGSample.ClassTwo">
        <test-method status="PASS" signature="testTwo()[pri:0, instance:testNGSample.ClassTwo@58651fd0]" name="testTwo" duration-ms="2" started-at="2020-08-16T13:14:56Z" finished-at="2020-08-16T13:14:56Z">
          <reporter-output>
          </reporter-output>
        </test-method> <!-- testTwo -->
      </class> <!-- testNGSample.ClassTwo -->
    </test> <!-- Test1 -->
  </suite> <!-- Suite -->
</testng-results>
